GROUP,PACKAGE,CLASS,INSTRUCTION_MISSED,INSTRUCTION_COVERED,BRANCH_MISSED,BRANCH_COVERED,LINE_MISSED,LINE_COVERED,COMPLEXITY_MISSED,COMPLEXITY_COVERED,METHOD_MISSED,METHOD_COVERED
RetailDiscountCalculator,com.assignment.domain,User,43,125,17,13,17,28,17,8,3,7
RetailDiscountCalculator,com.assignment.domain,BillPaymentInfo,43,133,17,13,13,36,15,14,1,13
RetailDiscountCalculator,com.assignment.domain,PurchaseItems,33,91,12,10,13,21,13,6,3,5
RetailDiscountCalculator,com.assignment.constants,Constants,3,21,0,0,1,5,1,1,1,1
RetailDiscountCalculator,com.assignment.exceptions,ErrorCode,21,33,0,0,1,8,2,4,2,4
RetailDiscountCalculator,com.assignment.exceptions,RetailDiscountCalculatorException,6,10,0,0,3,4,1,2,1,2
RetailDiscountCalculator,com.assignment.service.impl,PayableAmountCalculatorServiceImpl,7,19,0,0,2,3,0,2,0,2
RetailDiscountCalculator,com.assignment.service.impl,PercentageAllocatorServiceImpl,12,143,1,11,3,27,1,9,0,4
